<?xml version="1.0" encoding="UTF-8"?>
<!-- Generated by org.testng.reporters.JUnitReportReporter -->
<testsuite hostname="Nethra-MacBook-Pro.local" failures="0" tests="2" name="com.testvagrant.tests.TestVagrant" time="2.438" errors="0" timestamp="20 Jan 2023 09:52:46 GMT" skipped="0">
  <testcase classname="com.testvagrant.tests.TestVagrant" name="validateFourForeignPlayers" time="2.386"/>
  <testcase classname="com.testvagrant.tests.TestVagrant" name="validateWicketKeeperInTeam" time="0.052"/>
</testsuite> <!-- com.testvagrant.tests.TestVagrant -->
